<?xml version="1.0" encoding="UTF-8"?>
<!-- Generated by org.testng.reporters.JUnitXMLReporter -->
<testsuite ignored="1" hostname="DESKTOP-S6E37E4" failures="0" tests="1" name="Test" time="5.148" errors="0" timestamp="2026-03-27T08:07:57 IST">
  <testcase classname="testCases.TC002_LoginTest" name="verify_login" time="2.063"/>
  <testcase classname="testCases.TC001_AccountRegistarionTest" name="verify_account_registration" time="0.0">
    <ignored/>
  </testcase> <!-- verify_account_registration -->
</testsuite> <!-- Test -->
