<?xml version="1.0" encoding="UTF-8"?>
<!-- Generated by org.testng.reporters.JUnitReportReporter -->
<testsuite hostname="DESKTOP-S6E37E4" failures="0" tests="2" name="testCases.TC001_AccountRegistarionTest" time="5.625" errors="0" timestamp="2026-03-27T08:16:32 IST" skipped="0">
  <testcase classname="testCases.TC001_AccountRegistarionTest" name="verify_account_registration" time="2.854"/>
  <testcase classname="testCases.TC001_AccountRegistarionTest" name="verify_account_registration" time="2.771"/>
</testsuite> <!-- testCases.TC001_AccountRegistarionTest -->
